17:05:38.823 INFO [GridLauncherV3.parse] - Selenium server version: 3.141.59, revision: e82be7d358
17:05:38.907 INFO [GridLauncherV3.lambda$buildLaunchers$3] - Launching a standalone Selenium Server on port 4444
2019-05-04 17:05:38.958:INFO::main: Logging initialized @369ms to org.seleniumhq.jetty9.util.log.StdErrLog
17:05:39.176 INFO [WebDriverServlet.<init>] - Initialising WebDriverServlet
17:05:39.320 INFO [SeleniumServer.boot] - Selenium Server is up and running on port 4444
17:05:39.586 INFO [ActiveSessionFactory.apply] - Capabilities are: {
  "acceptSslCerts": true,
  "browserName": "chrome",
  "chromeOptions": {
    "args": [
      "headless",
      "no-sandbox",
      "disable-gpu",
      "disable-web-security",
      "ignore-certificate-errors",
      "--test-type"
    ]
  },
  "name": "Google"
}
17:05:39.588 INFO [ActiveSessionFactory.lambda$apply$11] - Matched factory org.openqa.selenium.grid.session.remote.ServicedSession$Factory (provider: org.openqa.selenium.chrome.ChromeDriverService)
Starting ChromeDriver 2.35.528157 (4429ca2590d6988c0745c24c8858745aaaec01ef) on port 23768
Only local connections are allowed.
17:05:40.252 INFO [ProtocolHandshake.createSession] - Detected dialect: OSS
17:05:40.575 INFO [RemoteSession$Factory.lambda$performHandshake$0] - Started new session 8a36e15d3f16ed8248c14d7eb28e57ed (org.openqa.selenium.chrome.ChromeDriverService)
17:05:44.723 INFO [ActiveSessions$1.onStop] - Removing session 8a36e15d3f16ed8248c14d7eb28e57ed (org.openqa.selenium.chrome.ChromeDriverService)
